<?xml version="1.0" encoding="UTF-8"?>
<testsuite name="me.ashishekka.mori.bridge.di.BridgeModuleTest" tests="1" skipped="0" failures="0" errors="0" timestamp="2026-03-19T17:47:34.159Z" hostname="Ashishs-MacBook-Air.local" time="0.023">
  <properties/>
  <testcase name="verify bridgeModule dependency graph" classname="me.ashishekka.mori.bridge.di.BridgeModuleTest" time="0.021"/>
  <system-out><![CDATA[Verifying module 'org.koin.core.module.Module@4e0745f8' ...

[SUCCESS] module 'org.koin.test.verify.Verify@563f38c4' has been verified in 4.401584 ms.
]]></system-out>
  <system-err><![CDATA[]]></system-err>
</testsuite>
